<?xml version="1.0" encoding="UTF-8"?>
<!-- Generated by org.testng.reporters.JUnitReportReporter -->
<testsuite skipped="0" hostname="dcklj72" name="tests.MainPageTest" tests="1" failures="0" timestamp="04 kwi 2019 08:47:46 GMT" time="5.541" errors="0">
  <testcase name="shouldGoOnMainPage" time="5.541" classname="tests.MainPageTest"/>
</testsuite> <!-- tests.MainPageTest -->
